  Building Custom Rule D:/project/line-work/ELSED/CMakeLists.txt
  EdgeDrawer.cpp
D:\project\line-work\ELSED\src\EdgeDrawer.h(23,13): error C2065: “M_PI”: 未声明的标识符
  (编译源文件“../src/EdgeDrawer.cpp”)
  
D:\project\line-work\ELSED\src\EdgeDrawer.h(114,28): warning C4305: “初始化”: 从“double”到“float”截断
  (编译源文件“../src/EdgeDrawer.cpp”)
  
D:\project\line-work\ELSED\src\EdgeDrawer.h(120,34): error C2065: “M_PI”: 未声明的标识符
  (编译源文件“../src/EdgeDrawer.cpp”)
  
D:\project\line-work\ELSED\src\EdgeDrawer.cpp(61,36): warning C4244: “参数”: 从“double”转换到“unsigned __int64”，可能丢失数据
D:\project\line-work\ELSED\src\EdgeDrawer.cpp(83,66): warning C4267: “参数”: 从“size_t”转换到“int”，可能丢失数据
D:\project\line-work\ELSED\src\EdgeDrawer.cpp(128,33): warning C4267: “=”: 从“size_t”转换到“int”，可能丢失数据
D:\project\line-work\ELSED\src\EdgeDrawer.cpp(189,60): warning C4267: “参数”: 从“size_t”转换到“int”，可能丢失数据
D:\project\line-work\ELSED\src\EdgeDrawer.cpp(730,42): error C2065: “M_PI_2”: 未声明的标识符
D:\project\line-work\ELSED\src\EdgeDrawer.cpp(732,34): error C2065: “M_PI”: 未声明的标识符
D:\project\line-work\ELSED\src\EdgeDrawer.cpp(733,23): error C2065: “M_PI”: 未声明的标识符
D:\project\line-work\ELSED\src\EdgeDrawer.cpp(733,38): error C2065: “M_PI”: 未声明的标识符
D:\project\line-work\ELSED\src\EdgeDrawer.cpp(760,46): error C2065: “M_PI”: 未声明的标识符
D:\project\line-work\ELSED\src\EdgeDrawer.cpp(761,29): error C2065: “M_PI”: 未声明的标识符
D:\project\line-work\ELSED\src\EdgeDrawer.cpp(761,50): error C2065: “M_PI”: 未声明的标识符
D:\project\line-work\ELSED\src\EdgeDrawer.cpp(766,56): error C2065: “M_PI”: 未声明的标识符
  ELSED.cpp
D:\project\line-work\ELSED\src\EdgeDrawer.cpp(820,58): warning C4244: “参数”: 从“int”转换到“_Tp”，可能丢失数据
D:\project\line-work\ELSED\src\EdgeDrawer.cpp(820,58): warning C4244:         with
D:\project\line-work\ELSED\src\EdgeDrawer.cpp(820,58): warning C4244:         [
D:\project\line-work\ELSED\src\EdgeDrawer.cpp(820,58): warning C4244:             _Tp=float
D:\project\line-work\ELSED\src\EdgeDrawer.cpp(820,58): warning C4244:         ]
D:\project\line-work\ELSED\src\EdgeDrawer.cpp(820,52): warning C4244: “参数”: 从“int”转换到“_Tp”，可能丢失数据
D:\project\line-work\ELSED\src\EdgeDrawer.cpp(820,52): warning C4244:         with
D:\project\line-work\ELSED\src\EdgeDrawer.cpp(820,52): warning C4244:         [
D:\project\line-work\ELSED\src\EdgeDrawer.cpp(820,52): warning C4244:             _Tp=float
D:\project\line-work\ELSED\src\EdgeDrawer.cpp(820,52): warning C4244:         ]
D:\project\line-work\ELSED\src\EdgeDrawer.cpp(833,9): warning C4244: “初始化”: 从“_Tp”转换到“int”，可能丢失数据
D:\project\line-work\ELSED\src\EdgeDrawer.cpp(833,9): warning C4244:         with
D:\project\line-work\ELSED\src\EdgeDrawer.cpp(833,9): warning C4244:         [
D:\project\line-work\ELSED\src\EdgeDrawer.cpp(833,9): warning C4244:             _Tp=float
D:\project\line-work\ELSED\src\EdgeDrawer.cpp(833,9): warning C4244:         ]
D:\project\line-work\ELSED\src\EdgeDrawer.cpp(834,9): warning C4244: “初始化”: 从“_Tp”转换到“int”，可能丢失数据
D:\project\line-work\ELSED\src\EdgeDrawer.cpp(834,9): warning C4244:         with
D:\project\line-work\ELSED\src\EdgeDrawer.cpp(834,9): warning C4244:         [
D:\project\line-work\ELSED\src\EdgeDrawer.cpp(834,9): warning C4244:             _Tp=float
D:\project\line-work\ELSED\src\EdgeDrawer.cpp(834,9): warning C4244:         ]
D:\project\line-work\ELSED\src\EdgeDrawer.h(23,13): error C2065: “M_PI”: 未声明的标识符
  (编译源文件“../src/ELSED.cpp”)
  
D:\project\line-work\ELSED\src\EdgeDrawer.h(114,28): warning C4305: “初始化”: 从“double”到“float”截断
  (编译源文件“../src/ELSED.cpp”)
  
D:\project\line-work\ELSED\src\EdgeDrawer.h(120,34): error C2065: “M_PI”: 未声明的标识符
  (编译源文件“../src/ELSED.cpp”)
  
D:\project\line-work\ELSED\src\ELSED.h(38,34): error C2065: “M_PI”: 未声明的标识符
  (编译源文件“../src/ELSED.cpp”)
  
D:\project\line-work\ELSED\src\ELSED.cpp(65,48): warning C4244: “参数”: 从“float”转换到“short”，可能丢失数据
D:\project\line-work\ELSED\src\ELSED.cpp(156,35): warning C4244: “初始化”: 从“double”转换到“unsigned int”，可能丢失数据
D:\project\line-work\ELSED\src\ELSED.cpp(162,17): warning C4018: “<”: 有符号/无符号不匹配
D:\project\line-work\ELSED\src\ELSED.cpp(163,19): warning C4018: “<”: 有符号/无符号不匹配
D:\project\line-work\ELSED\src\ELSED.cpp(207,18): warning C4244: “return”: 从“const _Ty”转换到“int”，可能丢失数据
D:\project\line-work\ELSED\src\ELSED.cpp(207,18): warning C4244:         with
D:\project\line-work\ELSED\src\ELSED.cpp(207,18): warning C4244:         [
D:\project\line-work\ELSED\src\ELSED.cpp(207,18): warning C4244:             _Ty=double
D:\project\line-work\ELSED\src\ELSED.cpp(207,18): warning C4244:         ]
D:\project\line-work\ELSED\src\ELSED.cpp(283,31): error C2065: “M_PI_2”: 未声明的标识符
D:\project\line-work\ELSED\src\ELSED.cpp(285,36): error C2065: “M_PI”: 未声明的标识符
D:\project\line-work\ELSED\src\ELSED.cpp(286,25): error C2065: “M_PI”: 未声明的标识符
D:\project\line-work\ELSED\src\ELSED.cpp(286,40): error C2065: “M_PI”: 未声明的标识符
D:\project\line-work\ELSED\src\ELSED.cpp(322,35): warning C4244: “参数”: 从“int”转换到“_Tp”，可能丢失数据
D:\project\line-work\ELSED\src\ELSED.cpp(322,35): warning C4244:         with
D:\project\line-work\ELSED\src\ELSED.cpp(322,35): warning C4244:         [
D:\project\line-work\ELSED\src\ELSED.cpp(322,35): warning C4244:             _Tp=float
D:\project\line-work\ELSED\src\ELSED.cpp(322,35): warning C4244:         ]
D:\project\line-work\ELSED\src\ELSED.cpp(322,29): warning C4244: “参数”: 从“int”转换到“_Tp”，可能丢失数据
D:\project\line-work\ELSED\src\ELSED.cpp(322,29): warning C4244:         with
D:\project\line-work\ELSED\src\ELSED.cpp(322,29): warning C4244:         [
D:\project\line-work\ELSED\src\ELSED.cpp(322,29): warning C4244:             _Tp=float
D:\project\line-work\ELSED\src\ELSED.cpp(322,29): warning C4244:         ]
D:\project\line-work\ELSED\src\ELSED.cpp(322,69): warning C4244: “参数”: 从“int”转换到“_Tp”，可能丢失数据
D:\project\line-work\ELSED\src\ELSED.cpp(322,69): warning C4244:         with
D:\project\line-work\ELSED\src\ELSED.cpp(322,69): warning C4244:         [
D:\project\line-work\ELSED\src\ELSED.cpp(322,69): warning C4244:             _Tp=float
D:\project\line-work\ELSED\src\ELSED.cpp(322,69): warning C4244:         ]
D:\project\line-work\ELSED\src\ELSED.cpp(322,63): warning C4244: “参数”: 从“int”转换到“_Tp”，可能丢失数据
D:\project\line-work\ELSED\src\ELSED.cpp(322,63): warning C4244:         with
D:\project\line-work\ELSED\src\ELSED.cpp(322,63): warning C4244:         [
D:\project\line-work\ELSED\src\ELSED.cpp(322,63): warning C4244:             _Tp=float
D:\project\line-work\ELSED\src\ELSED.cpp(322,63): warning C4244:         ]
D:\project\line-work\ELSED\src\ELSED.cpp(324,20): warning C4244: “=”: 从“_Tp”转换到“int”，可能丢失数据
D:\project\line-work\ELSED\src\ELSED.cpp(324,20): warning C4244:         with
D:\project\line-work\ELSED\src\ELSED.cpp(324,20): warning C4244:         [
D:\project\line-work\ELSED\src\ELSED.cpp(324,20): warning C4244:             _Tp=float
D:\project\line-work\ELSED\src\ELSED.cpp(324,20): warning C4244:         ]
D:\project\line-work\ELSED\src\ELSED.cpp(326,20): warning C4244: “=”: 从“_Tp”转换到“int”，可能丢失数据
D:\project\line-work\ELSED\src\ELSED.cpp(326,20): warning C4244:         with
D:\project\line-work\ELSED\src\ELSED.cpp(326,20): warning C4244:         [
D:\project\line-work\ELSED\src\ELSED.cpp(326,20): warning C4244:             _Tp=float
D:\project\line-work\ELSED\src\ELSED.cpp(326,20): warning C4244:         ]
D:\project\line-work\ELSED\src\ELSED.cpp(328,20): warning C4244: “=”: 从“_Tp”转换到“int”，可能丢失数据
D:\project\line-work\ELSED\src\ELSED.cpp(328,20): warning C4244:         with
D:\project\line-work\ELSED\src\ELSED.cpp(328,20): warning C4244:         [
D:\project\line-work\ELSED\src\ELSED.cpp(328,20): warning C4244:             _Tp=float
D:\project\line-work\ELSED\src\ELSED.cpp(328,20): warning C4244:         ]
D:\project\line-work\ELSED\src\ELSED.cpp(330,20): warning C4244: “=”: 从“_Tp”转换到“int”，可能丢失数据
D:\project\line-work\ELSED\src\ELSED.cpp(330,20): warning C4244:         with
D:\project\line-work\ELSED\src\ELSED.cpp(330,20): warning C4244:         [
D:\project\line-work\ELSED\src\ELSED.cpp(330,20): warning C4244:             _Tp=float
D:\project\line-work\ELSED\src\ELSED.cpp(330,20): warning C4244:         ]
D:\project\line-work\ELSED\src\ELSED.cpp(346,35): error C2065: “M_PI”: 未声明的标识符
D:\project\line-work\ELSED\src\ELSED.cpp(347,24): error C2065: “M_PI”: 未声明的标识符
D:\project\line-work\ELSED\src\ELSED.cpp(347,39): error C2065: “M_PI”: 未声明的标识符
D:\project\line-work\ELSED\src\ELSED.cpp(348,38): error C2065: “M_PI”: 未声明的标识符
D:\project\line-work\ELSED\src\ELSED.cpp(352,20): warning C4244: “=”: 从“int”转换到“float”，可能丢失数据
  FullSegmentInfo.cpp
D:\project\line-work\ELSED\src\FullSegmentInfo.cpp(28,28): warning C4267: “=”: 从“size_t”转换到“int”，可能丢失数据
D:\project\line-work\ELSED\src\FullSegmentInfo.cpp(95,12): warning C4244: “初始化”: 从“_Tp”转换到“float”，可能丢失数据
D:\project\line-work\ELSED\src\FullSegmentInfo.cpp(95,12): warning C4244:         with
D:\project\line-work\ELSED\src\FullSegmentInfo.cpp(95,12): warning C4244:         [
D:\project\line-work\ELSED\src\FullSegmentInfo.cpp(95,12): warning C4244:             _Tp=double
D:\project\line-work\ELSED\src\FullSegmentInfo.cpp(95,12): warning C4244:         ]
D:\project\line-work\ELSED\src\FullSegmentInfo.cpp(96,12): warning C4244: “初始化”: 从“_Tp”转换到“float”，可能丢失数据
D:\project\line-work\ELSED\src\FullSegmentInfo.cpp(96,12): warning C4244:         with
D:\project\line-work\ELSED\src\FullSegmentInfo.cpp(96,12): warning C4244:         [
D:\project\line-work\ELSED\src\FullSegmentInfo.cpp(96,12): warning C4244:             _Tp=double
D:\project\line-work\ELSED\src\FullSegmentInfo.cpp(96,12): warning C4244:         ]
D:\project\line-work\ELSED\src\FullSegmentInfo.cpp(97,12): warning C4244: “初始化”: 从“_Tp”转换到“float”，可能丢失数据
D:\project\line-work\ELSED\src\FullSegmentInfo.cpp(97,12): warning C4244:         with
D:\project\line-work\ELSED\src\FullSegmentInfo.cpp(97,12): warning C4244:         [
D:\project\line-work\ELSED\src\FullSegmentInfo.cpp(97,12): warning C4244:             _Tp=double
D:\project\line-work\ELSED\src\FullSegmentInfo.cpp(97,12): warning C4244:         ]
D:\project\line-work\ELSED\src\FullSegmentInfo.cpp(98,12): warning C4244: “初始化”: 从“_Tp”转换到“float”，可能丢失数据
D:\project\line-work\ELSED\src\FullSegmentInfo.cpp(98,12): warning C4244:         with
D:\project\line-work\ELSED\src\FullSegmentInfo.cpp(98,12): warning C4244:         [
D:\project\line-work\ELSED\src\FullSegmentInfo.cpp(98,12): warning C4244:             _Tp=double
D:\project\line-work\ELSED\src\FullSegmentInfo.cpp(98,12): warning C4244:         ]
D:\project\line-work\ELSED\src\FullSegmentInfo.cpp(99,12): warning C4244: “初始化”: 从“_Tp”转换到“float”，可能丢失数据
D:\project\line-work\ELSED\src\FullSegmentInfo.cpp(99,12): warning C4244:         with
D:\project\line-work\ELSED\src\FullSegmentInfo.cpp(99,12): warning C4244:         [
D:\project\line-work\ELSED\src\FullSegmentInfo.cpp(99,12): warning C4244:             _Tp=double
D:\project\line-work\ELSED\src\FullSegmentInfo.cpp(99,12): warning C4244:         ]
D:\project\line-work\ELSED\src\FullSegmentInfo.cpp(145,18): warning C4267: “=”: 从“size_t”转换到“uint32_t”，可能丢失数据
D:\project\line-work\ELSED\src\FullSegmentInfo.cpp(205,37): warning C4244: “=”: 从“int64_t”转换到“_Tp”，可能丢失数据
D:\project\line-work\ELSED\src\FullSegmentInfo.cpp(205,37): warning C4244:         with
D:\project\line-work\ELSED\src\FullSegmentInfo.cpp(205,37): warning C4244:         [
D:\project\line-work\ELSED\src\FullSegmentInfo.cpp(205,37): warning C4244:             _Tp=double
D:\project\line-work\ELSED\src\FullSegmentInfo.cpp(205,37): warning C4244:         ]
D:\project\line-work\ELSED\src\FullSegmentInfo.cpp(207,35): warning C4244: “=”: 从“int64_t”转换到“_Tp”，可能丢失数据
D:\project\line-work\ELSED\src\FullSegmentInfo.cpp(207,35): warning C4244:         with
D:\project\line-work\ELSED\src\FullSegmentInfo.cpp(207,35): warning C4244:         [
D:\project\line-work\ELSED\src\FullSegmentInfo.cpp(207,35): warning C4244:             _Tp=double
D:\project\line-work\ELSED\src\FullSegmentInfo.cpp(207,35): warning C4244:         ]
D:\project\line-work\ELSED\src\FullSegmentInfo.cpp(208,37): warning C4244: “=”: 从“int64_t”转换到“_Tp”，可能丢失数据
D:\project\line-work\ELSED\src\FullSegmentInfo.cpp(208,37): warning C4244:         with
D:\project\line-work\ELSED\src\FullSegmentInfo.cpp(208,37): warning C4244:         [
D:\project\line-work\ELSED\src\FullSegmentInfo.cpp(208,37): warning C4244:             _Tp=double
D:\project\line-work\ELSED\src\FullSegmentInfo.cpp(208,37): warning C4244:         ]
D:\project\line-work\ELSED\src\FullSegmentInfo.cpp(210,35): warning C4244: “=”: 从“int64_t”转换到“_Tp”，可能丢失数据
D:\project\line-work\ELSED\src\FullSegmentInfo.cpp(210,35): warning C4244:         with
D:\project\line-work\ELSED\src\FullSegmentInfo.cpp(210,35): warning C4244:         [
D:\project\line-work\ELSED\src\FullSegmentInfo.cpp(210,35): warning C4244:             _Tp=double
D:\project\line-work\ELSED\src\FullSegmentInfo.cpp(210,35): warning C4244:         ]
D:\project\line-work\ELSED\src\FullSegmentInfo.cpp(211,37): warning C4244: “=”: 从“int64_t”转换到“_Tp”，可能丢失数据
D:\project\line-work\ELSED\src\FullSegmentInfo.cpp(211,37): warning C4244:         with
D:\project\line-work\ELSED\src\FullSegmentInfo.cpp(211,37): warning C4244:         [
D:\project\line-work\ELSED\src\FullSegmentInfo.cpp(211,37): warning C4244:             _Tp=double
D:\project\line-work\ELSED\src\FullSegmentInfo.cpp(211,37): warning C4244:         ]
  正在生成代码...
